120 : 2022-05-02 13:17:14,360 : INFO : telemetry.main : Attempt start. Configuration directory [/home/helouri/.azure].
120 : 2022-05-02 13:17:14,360 : INFO : telemetry.check : Positive: The /home/helouri/.azure/telemetry.txt does not exist.
120 : 2022-05-02 13:17:14,360 : DEBUG : telemetry.note : acquiring lock
120 : 2022-05-02 13:17:14,361 : DEBUG : telemetry.note : acquired lock
120 : 2022-05-02 13:17:14,361 : INFO : telemetry.note : Update the note mtime to 2022-05-02 13:17:14.361092
120 : 2022-05-02 13:17:14,361 : WARNING : telemetry.note : Fail to parse or read the timestamp 'N/A' in the note file. Set the last send time to minimal. Reason: not readable
120 : 2022-05-02 13:17:14,361 : INFO : telemetry.records : No cache to be uploaded.
120 : 2022-05-02 13:17:14,361 : INFO : telemetry.client : Accumulated 0 events. Flush the clients.
120 : 2022-05-02 13:17:14,362 : INFO : telemetry.note : Update the last send in note to 0001-01-01 00:00:00
120 : 2022-05-02 13:17:14,362 : INFO : telemetry.note : Update the note mtime to 2022-05-02 13:17:14.362123
245 : 2022-05-02 13:33:57,938 : INFO : telemetry.main : Attempt start. Configuration directory [/home/helouri/.azure].
245 : 2022-05-02 13:33:57,938 : INFO : telemetry.check : Returns Positive.
245 : 2022-05-02 13:33:57,938 : DEBUG : telemetry.note : acquiring lock
245 : 2022-05-02 13:33:57,938 : DEBUG : telemetry.note : acquired lock
245 : 2022-05-02 13:33:57,938 : INFO : telemetry.note : Update the note mtime to 2022-05-02 13:33:57.938866
245 : 2022-05-02 13:33:57,940 : WARNING : telemetry.note : Fail to parse or read the timestamp '1-01-01T00:00:00' in the note file. Set the last send time to minimal. Reason: time data '1-01-01T00:00:00' does not match format '%Y-%m-%dT%H:%M:%S'
245 : 2022-05-02 13:33:57,940 : INFO : telemetry.records : No cache to be uploaded.
245 : 2022-05-02 13:33:57,940 : INFO : telemetry.client : Accumulated 0 events. Flush the clients.
245 : 2022-05-02 13:33:57,940 : INFO : telemetry.note : Update the last send in note to 0001-01-01 00:00:00
245 : 2022-05-02 13:33:57,940 : INFO : telemetry.note : Update the note mtime to 2022-05-02 13:33:57.940761
314 : 2022-05-02 13:44:13,518 : INFO : telemetry.main : Attempt start. Configuration directory [/home/helouri/.azure].
314 : 2022-05-02 13:44:13,518 : INFO : telemetry.check : Returns Positive.
314 : 2022-05-02 13:44:13,519 : DEBUG : telemetry.note : acquiring lock
314 : 2022-05-02 13:44:13,519 : DEBUG : telemetry.note : acquired lock
314 : 2022-05-02 13:44:13,519 : INFO : telemetry.note : Update the note mtime to 2022-05-02 13:44:13.519414
314 : 2022-05-02 13:44:13,521 : WARNING : telemetry.note : Fail to parse or read the timestamp '1-01-01T00:00:00' in the note file. Set the last send time to minimal. Reason: time data '1-01-01T00:00:00' does not match format '%Y-%m-%dT%H:%M:%S'
314 : 2022-05-02 13:44:13,521 : INFO : telemetry.records : No cache to be uploaded.
314 : 2022-05-02 13:44:13,522 : INFO : telemetry.client : Accumulated 0 events. Flush the clients.
314 : 2022-05-02 13:44:13,522 : INFO : telemetry.note : Update the last send in note to 0001-01-01 00:00:00
314 : 2022-05-02 13:44:13,522 : INFO : telemetry.note : Update the note mtime to 2022-05-02 13:44:13.522352
107 : 2022-05-09 11:04:29,992 : INFO : telemetry.main : Attempt start. Configuration directory [/home/helouri/.azure].
107 : 2022-05-09 11:04:29,998 : INFO : telemetry.check : Returns Positive.
107 : 2022-05-09 11:04:29,999 : DEBUG : telemetry.note : acquiring lock
107 : 2022-05-09 11:04:29,999 : DEBUG : telemetry.note : acquired lock
107 : 2022-05-09 11:04:29,999 : INFO : telemetry.note : Update the note mtime to 2022-05-09 11:04:29.999542
107 : 2022-05-09 11:04:30,006 : WARNING : telemetry.note : Fail to parse or read the timestamp '1-01-01T00:00:00' in the note file. Set the last send time to minimal. Reason: time data '1-01-01T00:00:00' does not match format '%Y-%m-%dT%H:%M:%S'
107 : 2022-05-09 11:04:30,006 : INFO : telemetry.records : No cache to be uploaded.
107 : 2022-05-09 11:04:30,006 : INFO : telemetry.client : Accumulated 0 events. Flush the clients.
107 : 2022-05-09 11:04:30,007 : INFO : telemetry.note : Update the last send in note to 0001-01-01 00:00:00
107 : 2022-05-09 11:04:30,007 : INFO : telemetry.note : Update the note mtime to 2022-05-09 11:04:30.007341
107 : 2022-05-09 13:42:54,553 : INFO : telemetry.main : Attempt start. Configuration directory [/home/helouri/.azure].
107 : 2022-05-09 13:42:54,619 : INFO : telemetry.check : Returns Positive.
107 : 2022-05-09 13:42:54,620 : DEBUG : telemetry.note : acquiring lock
107 : 2022-05-09 13:42:54,620 : DEBUG : telemetry.note : acquired lock
107 : 2022-05-09 13:42:54,620 : INFO : telemetry.note : Update the note mtime to 2022-05-09 13:42:54.620553
107 : 2022-05-09 13:42:54,649 : WARNING : telemetry.note : Fail to parse or read the timestamp '1-01-01T00:00:00' in the note file. Set the last send time to minimal. Reason: time data '1-01-01T00:00:00' does not match format '%Y-%m-%dT%H:%M:%S'
107 : 2022-05-09 13:42:54,649 : INFO : telemetry.records : No cache to be uploaded.
107 : 2022-05-09 13:42:54,649 : INFO : telemetry.client : Accumulated 0 events. Flush the clients.
107 : 2022-05-09 13:42:54,649 : INFO : telemetry.note : Update the last send in note to 0001-01-01 00:00:00
107 : 2022-05-09 13:42:54,650 : INFO : telemetry.note : Update the note mtime to 2022-05-09 13:42:54.650063
145 : 2022-05-09 13:54:01,285 : INFO : telemetry.main : Attempt start. Configuration directory [/home/helouri/.azure].
145 : 2022-05-09 13:54:01,286 : INFO : telemetry.check : Returns Positive.
145 : 2022-05-09 13:54:01,286 : DEBUG : telemetry.note : acquiring lock
145 : 2022-05-09 13:54:01,286 : DEBUG : telemetry.note : acquired lock
145 : 2022-05-09 13:54:01,286 : INFO : telemetry.note : Update the note mtime to 2022-05-09 13:54:01.286565
145 : 2022-05-09 13:54:01,289 : WARNING : telemetry.note : Fail to parse or read the timestamp '1-01-01T00:00:00' in the note file. Set the last send time to minimal. Reason: time data '1-01-01T00:00:00' does not match format '%Y-%m-%dT%H:%M:%S'
145 : 2022-05-09 13:54:01,289 : INFO : telemetry.records : No cache to be uploaded.
145 : 2022-05-09 13:54:01,289 : INFO : telemetry.client : Accumulated 0 events. Flush the clients.
145 : 2022-05-09 13:54:01,289 : INFO : telemetry.note : Update the last send in note to 0001-01-01 00:00:00
145 : 2022-05-09 13:54:01,289 : INFO : telemetry.note : Update the note mtime to 2022-05-09 13:54:01.289649
107 : 2022-05-10 14:05:36,667 : INFO : telemetry.main : Attempt start. Configuration directory [/home/helouri/.azure].
107 : 2022-05-10 14:05:36,686 : INFO : telemetry.check : Returns Positive.
107 : 2022-05-10 14:05:36,686 : DEBUG : telemetry.note : acquiring lock
107 : 2022-05-10 14:05:36,686 : DEBUG : telemetry.note : acquired lock
107 : 2022-05-10 14:05:36,686 : INFO : telemetry.note : Update the note mtime to 2022-05-10 14:05:36.686872
107 : 2022-05-10 14:05:36,709 : WARNING : telemetry.note : Fail to parse or read the timestamp '1-01-01T00:00:00' in the note file. Set the last send time to minimal. Reason: time data '1-01-01T00:00:00' does not match format '%Y-%m-%dT%H:%M:%S'
107 : 2022-05-10 14:05:36,709 : INFO : telemetry.records : 1 cache files to move.
107 : 2022-05-10 14:05:36,710 : INFO : telemetry.records : Create temp folder /tmp/tmpt5i3wih5
107 : 2022-05-10 14:05:36,966 : INFO : telemetry.records : Move file /home/helouri/.azure/telemetry/cache.1 to /tmp/tmpt5i3wih5/cache.1
107 : 2022-05-10 14:05:36,968 : INFO : telemetry.records : Processed file /tmp/tmpt5i3wih5/cache.1 into 41 records.
107 : 2022-05-10 14:05:36,968 : INFO : telemetry.records : Remove directory /tmp/tmpt5i3wih5
107 : 2022-05-10 14:05:36,982 : INFO : telemetry.client : Accumulated 41 events. Flush the clients.
107 : 2022-05-10 14:05:36,983 : INFO : telemetry.client : Flush client c4395b75-49cc-422c-bc95-c7d51aef5d46.
107 : 2022-05-10 14:05:37,133 : INFO : telemetry.sender : Sending 151860 bytes
107 : 2022-05-10 14:05:37,133 : INFO : telemetry.sender : Finish uploading in 0.137855 seconds.
107 : 2022-05-10 14:05:37,134 : INFO : telemetry.note : Update the last send in note to 2022-05-09 13:55:02
107 : 2022-05-10 14:05:37,134 : INFO : telemetry.note : Update the note mtime to 2022-05-10 14:05:37.134601
183 : 2022-05-10 14:42:35,635 : INFO : telemetry.main : Attempt start. Configuration directory [/home/helouri/.azure].
183 : 2022-05-10 14:42:35,635 : INFO : telemetry.check : Returns Positive.
183 : 2022-05-10 14:42:35,636 : DEBUG : telemetry.note : acquiring lock
183 : 2022-05-10 14:42:35,636 : DEBUG : telemetry.note : acquired lock
183 : 2022-05-10 14:42:35,636 : INFO : telemetry.note : Update the note mtime to 2022-05-10 14:42:35.636271
183 : 2022-05-10 14:42:35,638 : INFO : telemetry.note : Read timestamp from the note. The last send was 2022-05-09 13:55:02.
183 : 2022-05-10 14:42:35,638 : INFO : telemetry.records : No cache to be uploaded.
183 : 2022-05-10 14:42:35,638 : INFO : telemetry.client : Accumulated 0 events. Flush the clients.
183 : 2022-05-10 14:42:35,639 : INFO : telemetry.note : Update the last send in note to 2022-05-09 13:55:02
183 : 2022-05-10 14:42:35,639 : INFO : telemetry.note : Update the note mtime to 2022-05-10 14:42:35.639199
